<?xml version="1.0" encoding="UTF-8"?>
<testsuites name="New Test Suite" time="32.78" tests="1" failures="0" errors="0">
   <testsuite name="New Test Suite" tests="1" failures="0" errors="0" time="32.78" skipped="0" timestamp="2022-11-15 13:57:41" hostname="duc.phan - JGBW2D3" id="Test Suites/New Test Suite">
      <properties>
[...]
</properties>
      <testcase name="Test Cases/New Test Case" time="32.485" classname="Test Cases/New Test Case" status="PASSED">
         <system-out><![CDATA[2022-11-15 13:57:42 - [TEST_CASE][PASSED] - Test Cases/New Test Case: Test Cases/New Test Case

2022-11-15 13:57:42 - [TEST_STEP][PASSED] - openBrowser(""): Browser is opened with url: ''

2022-11-15 13:57:42 - [MESSAGE][INFO] - User set preference: ['os', 'linux']

2022-11-15 13:57:42 - [MESSAGE][INFO] - User set preference: ['browserName', 'chrome']

2022-11-15 13:57:42 - [MESSAGE][INFO] - User set preference: ['browserVersion', '103']

2022-11-15 13:57:42 - [MESSAGE][INFO] - User set preference: ['katalon:option', '{organizationId=692154, tunnelId=6b90fcea-5543-451b-8f8c-dc6483ef3b41, usingTunnel=true}']

2022-11-15 13:57:42 - [MESSAGE][INFO] - Connecting to remote web server 'testcloud.katalon.com/hub' with type 'Selenium'

2022-11-15 13:57:43 - [MESSAGE][INFO] - Action delay is set to 0 milliseconds

2022-11-15 13:58:12 - [MESSAGE][PASSED] - Browser is opened with url: ''

2022-11-15 13:58:12 - [TEST_STEP][PASSED] - navigateToUrl("google.com"): Navigate to 'http://google.com' successfully

2022-11-15 13:58:14 - [MESSAGE][PASSED] - Navigate to 'http://google.com' successfully]]></system-out>
         <system-err><![CDATA[]]></system-err>
      </testcase>
      <system-out><![CDATA[2022-11-15 13:57:41 - [TEST_SUITE][PASSED] - New Test Suite: Test Cases/New Test Case]]></system-out>
      <system-err><![CDATA[]]></system-err>
   </testsuite>
</testsuites>
